
!! gp(x,t) = exp(-t) * t^(x-1)

!! gh(t) = gp(1.5,t) 

!!gxp1(x) = 2\(2*pi*x) * x^x *exp(-x)

gk = ( 10000, 9735, 9514, 9330, 9182, 9064, 8975, 8912, 8873, 8857, 8862, 8889, 8935, 9001, 9086, 9191, 9314, 9456, 9618, 9799, 10000 )
gm = 1/10000
g = gm * gk

x = (1, 1.05, 1.1, 1.15, 1.2, 1.25, 1.3, 1.35, 1.4, 1.45, 1.5, 1.55, 1.6, 1.65, 1.7, 1.75, 1.8, 1.85, 1.9, 1.95, 2 )

y = (1, 1, 1, 1, 1, 1, 1, 1, 1, 1, 1, 1, 1, 1, 1, 1, 1, 1, 1, 1, 1)



SCRIPTPRINT GammaStudy.txt
Reading... C:\Users\Michael\workspace\CalcLib\scripts\GammaStudy.txt

!! gp(x,t) = exp(-t) * t^(x-1)

!! gh(t) = gp(1.5,t) 

!!gxp1(x) = 2\(2*pi*x) * x^x *exp(-x)

gk = ( 10000, 9735, 9514, 9330, 9182, 9064, 8975, 8912, 8873, 8857, 8862, 8889, 8935, 9001, 9086, 9191, 9314, 9456, 9618, 9799, 10000 )
gm = 1/10000
g = gm * gk

x = (1, 1.05, 1.1, 1.15, 1.2, 1.25, 1.3, 1.35, 1.4, 1.45, 1.5, 1.55, 1.6, 1.65, 1.7, 1.75, 1.8, 1.85, 1.9, 1.95, 2 )

y = (1, 1, 1, 1, 1, 1, 1, 1, 1, 1, 1, 1, 1, 1, 1, 1, 1, 1, 1, 1, 1)

gk = ( 9735, 9514, 9330, 9182, 9064, 8975, 8912, 8873, 8857, 8862, 8889, 8935, 9001, 9086, 9191, 9314, 9456, 9618, 9799 ) 

gm = 1/10000


g = gm * gk


x = ( 1.05, 1.1, 1.15, 1.2, 1.25, 1.3, 1.35, 1.4, 1.45, 1.5, 1.55, 1.6, 1.65, 1.7, 1.75, 1.8, 1.85, 1.9, 1.95 ) 

y = (1, 1, 1, 1, 1, 1, 1, 1, 1, 1, 1, 1, 1, 1, 1, 1, 1, 1, 1) 

z = x-y

calc z
(0.050000000000000044, 0.10000000000000009, 0.1499999999999999, 0.19999999999999996, 0.25, 0.30000000000000004, 0.3500000000000001, 0.3999999999999999, 0.44999999999999996, 0.5, 0.55, 0.6000000000000001, 0.6499999999999999, 0.7, 0.75, 0.8, 0.8500000000000001, 0.8999999999999999, 0.95)

z_CHEBYSHEV_g = CHEBYSHEV(z,g)

Chebyshev Interpolation

	 Y = 17204375895.56917 * T[0](x) - 33014593539.06653 * T[1](x) + 29530261534.14003 * T[2](x) - 24319305740.2542 * T[3](x) + 18522755319.53621 * T[4](x) - 13007265859.32486 * T[5](x) + 8398327989.3752 * T[6](x) - 4967728312.28837 * T[7](x) + 2679576714.12047 * T[8](x) - 1310219619.35566 * T[9](x) + 576360851.45409 * T[10](x) - 225865640.97604 * T[11](x) + 77837509.98852 * T[12](x) - 23179380.66672 * T[13](x) + 5819500.39864 * T[14](x) - 1187449.35346 * T[15](x) + 185558.89448 * T[16](x) - 19871.83452 * T[17](x) + 1104.6022 * T[18](x)

r^2 = -3.6241178929351332E18
STD = 6.059522250080631E7
COV = 6.594246204116545E7
MSE = 3.6717809899222235E15
SSR = 6.2420276840359104E16
SSE = 6.24202768286778E16
SST = 0.017223577894736837
PC  = 0.0

z_LAGRANGE_g = LAGRANGE(z,g)

Lagrange Interpolation

	 Y = 9.0606 - 557.4291 * x + 16677.85863 * x^2 - 292052.33597 * x^3 + 3386603.91425 * x^4 - 27827163.01204 * x^5 + 168911298.96123 * x^6 - 778119204.65454 * x^7 + 2768487784.3212 * x^8 - 7689376908.70463 * x^9 + 16757915260.5253 * x^10 - 28657153991.2499 * x^11 + 38247082463.55836 * x^12 - 39371691436.04614 * x^13 + 30622582878.04097 * x^14 - 17389964767.69613 * x^15 + 6798795821.72417 * x^16 - 1634957128.26138 * x^17 + 182204421.92513 * x^18

r^2 = -1.692129502022797
STD = 0.052225811840511525
COV = 0.056834490785410585
MSE = 0.002727535422400514
SSR = 0.09724457869097006
SSE = 0.04636810218080874
SST = 0.017223577894736837
PC  = 0.1463003935437635

g_FITPOLY_z = FITPOLY(g,z)

Vandermonde Interpolation

	 Y =  - 151713121208381.62 + 999844002984441 * x - 1430096209328956 * x^2 - 5656418075685216 * x^3 + 25584206445608256 * x^4 - 41336129040104672 * x^5 + 27516998522841296 * x^6 + 2304462274271248 * x^7 - 11743411007130848 * x^8 + 4382206996040452 * x^9 - 5319407341973872 * x^10 + 12071427659083232 * x^11 - 16375223095901280 * x^12 + 19817386188134192 * x^13 - 15893793947270292 * x^14 + 3743842756619996 * x^15 + 3776028161654890.5 * x^16 - 2881866976456830.5 * x^17 + 592545619821903 * x^18

r^2 = -6.618984300111414E24
STD = 7.44866850622578E11
COV = 1.489733701245156E12
MSE = 5.548266251563979E23
SSR = 9.43205262765887E24
SSE = 9.432052627658765E24
SST = 1.425
PC  = 0.0

z_FITPOLY_g = FITPOLY(z,g)

Vandermonde Interpolation

	 Y = 9.05329 - 556.91865 * x + 16662.38 * x^2 - 291777.72083 * x^3 + 3383377.63384 * x^4 - 27800306.31366 * x^5 + 168746118.85503 * x^6 - 777347736.98678 * x^7 + 2765702059.08208 * x^8 - 7681514096.41515 * x^9 + 16740481379.30826 * x^10 - 28626783914.16037 * x^11 + 38205768714.3927 * x^12 - 39328324888.93893 * x^13 + 30588177209.17586 * x^14 - 17370030660.52816 * x^15 + 6790843656.46342 * x^16 - 1633005856.43378 * x^17 + 181982555.08484 * x^18

r^2 = -1.2266729605477355E8
STD = 352.53449943480416
COV = 383.6439885482969
MSE = 124280.57329174793
SSR = 2112997.2860976066
SSE = 2112769.745959715
SST = 0.017223577894736837
PC  = 0.0

calc g
g = (0.9735, 0.9514, 0.933, 0.9182, 0.9064, 0.8975, 0.8912, 0.8873, 0.8857, 0.8862, 0.8889, 0.8935, 0.9001, 0.9086, 0.9191, 0.9314, 0.9456, 0.9618, 0.9799)



f = (0.9735, 0.933, 0.9064, 0.8912, 0.8857, 0.8889, 0.9001, 0.9191, 0.9456,  0.9799) 



calc z
z = (0.05, 0.1, 0.15, 0.2, 0.25, 0.3, 0.35, 0.4, 0.45, 0.5, 0.55, 0.6, 0.65, 0.7, 0.75, 0.8, 0.85, 0.9, 0.95)



w = ( 0.05, 0.15, 0.25, 0.35, 0.45, 0.55, 0.65, 0.75, 0.85, 0.95 )

u = (0, 0.05, 0.15, 0.25, 0.35, 0.45, 0.55, 0.65, 0.75, 0.85, 0.95, 1 )
v = (1, 0.9735, 0.933, 0.9064, 0.8912, 0.8857, 0.8889, 0.9001, 0.9191, 0.9456,  0.9799, 1) 






w_LAGRANGE_f = LAGRANGE(w,f)

Lagrange Interpolation

	 Y = 0.9982 - 0.50323 * x - 0.09905 * x^2 + 7.078 * x^3 - 32.59905 * x^4 + 85.20761 * x^5 - 136.38889 * x^6 + 131.76257 * x^7 - 70.43651 * x^8 + 15.98325 * x^9

r^2 = 1.0
STD = 1.7069348141444853E-10
COV = 1.8506568230202366E-10
MSE = 2.913626459738468E-20
SSR = 0.010774783950283107
SSE = 2.3309011677907746E-19
SST = 0.010774783999999999
PC  = 0.12685275878881727

w_CHEBYSHEV_f = CHEBYSHEV(w,f)

Chebyshev Interpolation

	 Y =  - 73.15747 * T[0](x) + 137.98443 * T[1](x) - 111.09731 * T[2](x) + 76.87597 * T[3](x) - 45.05578 * T[4](x) + 21.98465 * T[5](x) - 8.66443 * T[6](x) + 2.6207 * T[7](x) - 0.55029 * T[8](x) + 0.06243 * T[9](x)

r^2 = 0.9999999999999863
STD = 4.287121731146872E-9
COV = 4.648092602670242E-9
MSE = 1.8379412737671752E-17
SSR = 0.010774784000002167
SSE = 1.4703530190137401E-16
SST = 0.010774783999999999
PC  = 0.0

w_FITPOLY_f = FITPOLY(w,f)

Vandermonde Interpolation

	 Y = 0.9982 - 0.50323 * x - 0.09905 * x^2 + 7.078 * x^3 - 32.59905 * x^4 + 85.20761 * x^5 - 136.38889 * x^6 + 131.76257 * x^7 - 70.43651 * x^8 + 15.98325 * x^9

r^2 = 1.0
STD = 1.4071269006247614E-12
COV = 1.525605417334997E-12
MSE = 1.9800061144618473E-24
SSR = 0.010774784000348678
SSE = 1.5840048915694778E-23
SST = 0.010774783999999999
PC  = 0.0


//******* with 0 & 1 in domain

u = (0, 0.05, 0.15, 0.25, 0.35, 0.45, 0.55, 0.65, 0.75, 0.85, 0.95, 1 ) 



v = (1, 0.9735, 0.933, 0.9064, 0.8912, 0.8857, 0.8889, 0.9001, 0.9191, 0.9456,  0.9799, 1)  




u_LAGRANGE_v = LAGRANGE(u,v)

Lagrange Interpolation

	 Y = 1 - 0.58458 * x + 1.30218 * x^2 - 5.82253 * x^3 + 40.11647 * x^4 - 182.95839 * x^5 + 531.34179 * x^6 - 999.55458 * x^7 + 1214.94212 * x^8 - 920.77464 * x^9 + 395.46587 * x^10 - 73.47371 * x^11

r^2 = 0.9999999999999999
STD = 4.513865407084334E-10
COV = 4.826201051821373E-10
MSE = 2.0374980913272618E-19
SSR = 0.020826576434383598
SSE = 2.0374980913272617E-18
SST = 0.02082657666666666
PC  = 0.07199698244268828

u_FITPOLY_v = FITPOLY(u,v)

Vandermonde Interpolation

	 Y = 1 - 0.58458 * x + 1.30218 * x^2 - 5.82253 * x^3 + 40.11647 * x^4 - 182.95839 * x^5 + 531.34179 * x^6 - 999.55458 * x^7 + 1214.94212 * x^8 - 920.77464 * x^9 + 395.46587 * x^10 - 73.47371 * x^11

r^2 = 1.0
STD = 2.1299856086412067E-11
COV = 2.277369362554527E-11
MSE = 4.536838693018652E-22
SSR = 0.020826576656352742
SSE = 4.536838693018652E-21
SST = 0.02082657666666666
PC  = 0.0

u_CHEBYSHEV_v = CHEBYSHEV(u,v)

Chebyshev Interpolation

	 Y = 612.27149 * T[0](x) - 1152.27492 * T[1](x) + 963.51576 * T[2](x) - 712.41621 * T[3](x) + 463.09705 * T[4](x) - 262.08414 * T[5](x) + 127.29606 * T[6](x) - 51.93537 * T[7](x) + 17.21568 * T[8](x) - 4.38604 * T[9](x) + 0.77239 * T[10](x) - 0.07175 * T[11](x)

r^2 = 1.0
STD = 3.2863575772675077E-13
COV = 3.5137561636589706E-13
MSE = 1.0800146125663561E-25
SSR = 0.02082657666657407
SSE = 1.0800146125663561E-24
SST = 0.02082657666666666
PC  = 0.0





PRETTYPRINT u_CHEBYSHEV_v 15

u_CHEBYSHEV_v = 

[
	612.2714891668269
	-1152.274915868479
	963.5157625310783
	-712.4162057423769
	463.09704516096866
	-262.0841412593909
	127.2960555329889
	-51.93536578366297
	17.215678004111524
	-4.386044338750759
	0.7723942678398508
	-0.07175167115412054
]


PRETTYPRINT u_FITPOLY_v 15

u_FITPOLY_v = 

[
	1.0
	-0.5845751187238238
	1.3021806286247122
	-5.822528670169884
	40.11646921930816
	-182.95838781279633
	531.3417878197995
	-999.5545766587836
	1214.9421212542006
	-920.7746444248911
	395.4658650038508
	-73.47371124047395
]


PRETTYPRINT u_LAGRANGE_v 15

u_LAGRANGE_v = 

[
	0.9999999999999999
	-0.584575118723729
	1.3021806286192756
	-5.822528670118459
	40.11646921931788
	-182.95838781409475
	531.3417878282053
	-999.5545766758732
	1214.9421212842572
	-920.7746444561635
	395.4658650174388
	-73.47371124417805
]





!! gamma'(x) = ( gamma(x+0.0001) - gamma(x)) /0.0001 

GRAPH  [  0.1 <=    x    <= 5  <>  0.01  ]   ( gamma(x), gamma'(x) )

GRAPH  [  0.2 <=    x    <= 6  <>  0.01  ]   ( gamma(x), gamma'(x) )

!! digamma(x) =  gamma'(x) / gamma(x)

GRAPH  [  0.2 <=    x    <= 6  <>  0.01  ]   ( digamma(x), gamma(x), gamma'(x) )

GRAPH  [  0.2 <=    x    <= 5  <>  0.01  ]   ( digamma(x), gamma(x) )




LIBRARY SpecFunc net.myorb.math.specialfunctions.Library

!+ gamma(x) = SpecFunc.gamma


!! PSI(x) = gamma'(x <> 0.0001)/gamma(x)

GRAPH [ 0 < x < 5 <> 0.01 ] ( gamma(x), gamma'(x <> 0.0001))

GRAPH [ 0.2 < x < 5 <> 0.01 ] ( gamma(x), gamma'(x <> 0.0001)) 

GRAPH [ -0.8 < x < -0.2 <> 0.01 ] ( gamma(x), gamma'(x <> 0.0001)/gamma(x)) 

GRAPH [ -0.8 < x < -0.2 <> 0.01 ] ( gamma(x), gamma'(x <> 0.0001)/gamma(x))  

!! PSI(x) = gamma'(x <> 0.0001)/gamma(x)

GRAPH [ -1.8 < x < -1.2 <> 0.01 ] ( gamma(x), PSI(x) ) 

GRAPH [ -0.8 < x < -0.2 <> 0.01 ] ( gamma(x), PSI(x) )  

GRAPH [ -0.9 <= x <= -0.1 <> 0.01 ] ( gamma(x), PSI(x) )   

GRAPH [ -1.9 <= x <= -1.1 <> 0.01 ] ( gamma(x), PSI(x) )  

GRAPH [ -0.9 <= x <= -0.1 <> 0.01 ] ( GAMMA(x), PSI(x) )   

GRAPH [ -1.9 <= x <= -1.1 <> 0.01 ] ( GAMMA(x), PSI(x) )  

GRAPH [ 0 < x < 5 <> 0.01 ] ( gamma(x), PSI(x))

GRAPH [ 0.2 <= x <= 5 <> 0.01 ] ( gamma(x), PSI(x)) 



calc 2\pi/2
0.8862269254527579


g = [ 1 <= x <= 2.02 <>0.05 ] ( (x, GAMMA(x)) )  


prettyprint g 6


g = 

[

	1
	1.05
	1.1
	1.15
	1.2
	1.25
	1.3
	1.35
	1.4
	1.45
	1.5
	1.55
	1.6
	1.65
	1.7
	1.75
	1.8
	1.85
	1.9
	1.95
	2

	1
	0.9735
	0.951366	// 1.1 => 0.9514
	0.933
	0.918121	// 1.2 => 0.9182
	0.9064
	0.897509
	0.8912
	0.887305
	0.8857
	0.886268    	// 1.5 => 2\pi/2 = 0.8862269
	0.8889
	0.893521
	0.9001
	0.908633
	0.9191
	0.931439
	0.9456
	0.961672	// 1.9 => 0.9618
	0.9799
	1

]


