

Using Machin's version [pi = 16 * atan (1/5) - 4 * atan (1/239)]



    // 4 terms (6 decimal places, 1.5 per term)

	3.14159{17721821773} =
	
	76528487109180192540976 / 24359780855939418203125 =
	
	( 2^4 * 47 * 127 * 801311851955731619 ) / ( 5^7 * 7 * 239^7 )



    // 6 terms (9 decimal places, 1.5 per term)

	3.14159265{26153086} =
	
	5150018754384552205994973405622666696 / 1639301884061026141391921953564453125 =
	
	( 2^3 * 643752344298069025749371675702833337 ) / ( 3 * 5^11 * 7 * 11 * 239^11 )



    // 8 terms (12 decimal places, 1.5 per term)

	3.14159265358{86025} =
	
	682643231494406680793815869073684992878910090744416 / 217292089321202035784330810406062747771759033203125 =
	
	( 2^5 * 89 * 127 * 151 * 12498938618652030361046235693479171284577171 ) / ( 3 * 5^16 * 7 * 11 * 13 * 239^15 )



    // 10 terms (15 decimal places, 1.5 per term)

	3.14159265358979{2} =
	
	89928619715553629727934260725194033068316951644953171299921299656 / 28625168706323283759630195891540657933297666848187847137451171875 =
	
	( 2^3 * 101 * 44171 * 2519702897323252435458814896169556642835554924957292756367 ) / ( 3 * 5^19 * 7 * 11 * 13 * 17 * 19 * 239^19 )





Using Euler's version [pi = 20 * atan (1/7) + 8 * atan (3/79)]



    // 4 terms (8 decimal places, 2 per term)

	3.141592{5994248215} = 
	
	5216930888285786308592 / 1660600705909775840385 = 
	
	( 2^4 * 19 * 43 * 4909 * 81298028155979 ) / ( 3 * 5 * 7^8 * 79^7 )



    // 6 terms (11 decimal places, 1.83 per term)

	3.1415926535{741905} =
	
	2300019488949017845114732399340888 / 732118941751498324731500616993015 =
	
	( 2^3 * 409 * 28871 * 24347613231628122587910149 ) / ( 3^2 * 5 * 7^11 * 11 * 79^11 )



    // 8 terms (14 decimal places, 1.75 per term)

	3.1415926535897{882} =
	
	2796246113663689908874883652440123836498197152 / 890072782182157535374330602522635376186402795 =
	
	( 2^5 * 41 * 2131285147609519747618051564359850485135821 ) / ( 3^2 * 5 * 7^15 * 11 * 13 * 79^15 )



    // 10 terms (16 decimal places, 1.6 per term)

	3.14159265358979323  678872222607893076298696964473375 = 

	4445543253238546227777822036946171978625807664697905766984 / 1415060366963480161186573164611560053913785826145542814715 =

	( 2^3 * 1049 * 50101 * 10573358815284988545677821451160010398218210427277 ) / ( 3^2 * 5 * 7^19 * 11 * 13 * 17 * 79^19 )


// pi = 3.14159265358979323   8462643383279502884197169399375105820974944592307816406

=====
first level fudge
=====
Reduction: 92 / 163
Most Reduced:  10573358815284988545677821451160010398218210427246:   2 * 3^2 * 7 * 29 * 89 * 349 * 15679 * 21493 * 112877 * 1975201 * 1239929063898028058311

alternate:  3.14159265358979323  6788722226079 = 
70564178622834067107584476776923364740092185153728125264 / 22461275666086986685501161343040635776409298827707028805 = 
( 2^4 * 29 * 89 * 349 * 1049 * 15679 * 21493 * 50101 * 112877 * 1975201 * 1239929063898028058311 ) / ( 5 * 7^18 * 11 * 13 * 17 * 79^19 )

error:  9.210826376240652E-48 = 13033875352 / 1415060366963480161186573164611560053913785826145542814715 = 
( 2^3 * 31 * 1049 * 50101 ) / ( 3^2 * 5 * 7^19 * 11 * 13 * 17 * 79^19 )


=====
second level fudge
=====
Reduction: 50 / 71
Most Reduced:  1239929063898028058262:   2 * 3 * 113 * 173 * 5101 * 1107781 * 1870733

alternate:  3.14159265358979323   6664571543183 = 
70564178622834067104795894064256806516691570456203641888 / 22461275666086986685501161343040635776409298827707028805 = 
( 2^5 * 3 * 29 * 89 * 113 * 173 * 349 * 1049 * 5101 * 15679 * 21493 * 50101 * 112877 * 1107781 * 1870733 * 1975201 ) / ( 5 * 7^18 * 11 * 13 * 17 * 79^19 )

error:  1.2415068289629169E-19 = 56909851278909351497971728520907824 / 458393380940550748683697170266135424008353037300143445 = 
( 2^4 * 29 * 89 * 349 * 1049 * 15679 * 21493 * 50101 * 112877 * 1975201 ) / ( 5 * 7^16 * 11 * 13 * 17 * 79^19 )


