
!! ef(t) = exp (-t^2)

graph [0 <= x <= 10 <> 0.01] (ef(x)) 

erf = [0 <= x <= 1000] (ef(x/100))

PRETTYPRINT erf 5

erf = 

[
	1
	0.9999
	0.9996
	0.9991
	0.9984
	0.9975
	0.99641
	0.99511
	0.99362
	0.99193
	0.99005
	0.98797
	0.9857
	0.98324
	0.98059
	0.97775
	0.97472
	0.97151
	0.96812
	0.96454
	0.96079
	0.95686
	0.95275
	0.94847
	0.94403
	0.93941
	0.93463
	0.92969
	0.92459
	0.91934
	0.91393
	0.90837
	0.90267
	0.89682
	0.89083
	0.88471
	0.87845
	0.87206
	0.86554
	0.8589
	0.85214
	0.84527
	0.83828
	0.83119
	0.82399
	0.81669
	0.80929
	0.8018
	0.79422
	0.78655
	0.7788
	0.77097
	0.76307
	0.7551
	0.74707
	0.73897
	0.73081
	0.7226
	0.71434
	0.70603
	0.69768
	0.68929
	0.68086
	0.6724
	0.66392
	0.65541
	0.64688
	0.63833
	0.62977
	0.6212
	0.61263
	0.60405
	0.59547
	0.5869
	0.57834
	0.56978
	0.56124
	0.55272
	0.54422
	0.53574
	0.52729
	0.51887
	0.51048
	0.50213
	0.49381
	0.48554
	0.4773
	0.46912
	0.46098
	0.45289
	0.44486
	0.43688
	0.42896
	0.42109
	0.41329
	0.40555
	0.39788
	0.39028
	0.38274
	0.37527
	0.36788
	0.36056
	0.35331
	0.34614
	0.33905
	0.33204
	0.32511
	0.31826
	0.31149
	0.3048
	0.2982
	0.29168
	0.28525
	0.2789
	0.27264
	0.26647
	0.26038
	0.25439
	0.24848
	0.24266
	0.23693
	0.23129
	0.22573
	0.22027
	0.2149
	0.20961
	0.20442
	0.19931
	0.19429
	0.18936
	0.18452
	0.17977
	0.1751
	0.17052
	0.16603
	0.16162
	0.1573
	0.15306
	0.14891
	0.14484
	0.14086
	0.13696
	0.13313
	0.12939
	0.12573
	0.12215
	0.11865
	0.11522
	0.11187
	0.1086
	0.1054
	0.10227
	0.09922
	0.09624
	0.09333
	0.09049
	0.08772
	0.08502
	0.08238
	0.07981
	0.0773
	0.07486
	0.07248
	0.07017
	0.06791
	0.06571
	0.06357
	0.06149
	0.05946
	0.05749
	0.05558
	0.05371
	0.0519
	0.05014
	0.04843
	0.04677
	0.04516
	0.04359
	0.04207
	0.0406
	0.03916
	0.03778
	0.03643
	0.03512
	0.03386
	0.03263
	0.03144
	0.03029
	0.02918
	0.0281
	0.02705
	0.02604
	0.02506
	0.02412
	0.0232
	0.02231
	0.02146
	0.02063
	0.01983
	0.01906
	0.01832
	0.0176
	0.0169
	0.01623
	0.01558
	0.01496
	0.01436
	0.01377
	0.01322
	0.01268
	0.01216
	0.01165
	0.01117
	0.01071
	0.01026
	0.00983
	0.00941
	0.00901
	0.00863
	0.00826
	0.00791
	0.00757
	0.00724
	0.00692
	0.00662
	0.00633
	0.00605
	0.00578
	0.00553
	0.00528
	0.00504
	0.00481
	0.0046
	0.00439
	0.00419
	0.004
	0.00381
	0.00364
	0.00347
	0.00331
	0.00315
	0.003
	0.00286
	0.00273
	0.0026
	0.00247
	0.00235
	0.00224
	0.00213
	0.00203
	0.00193
	0.00184
	0.00175
	0.00166
	0.00158
	0.0015
	0.00142
	0.00135
	0.00129
	0.00122
	0.00116
	0.0011
	0.00104
	0.00099
	0.00094
	0.00089
	0.00085
	0.0008
	0.00076
	0.00072
	0.00068
	0.00065
	0.00061
	0.00058
	0.00055
	0.00052
	0.00049
	0.00047
	0.00044
	0.00042
	0.00039
	0.00037
	0.00035
	0.00033
	0.00031
	0.0003
	0.00028
	0.00026
	0.00025
	0.00024
	0.00022
	0.00021
	0.0002
	0.00019
	0.00018
	0.00017
	0.00016
	0.00015
	0.00014
	0.00013
	0.00012
	0.00012
	0.00011
	0.0001
	0.0001
	0.00009
	0.00009
	0.00008
	0.00008
	0.00007
	0.00007
	0.00006
	0.00006
	0.00006
	0.00005
	0.00005
	0.00005
	0.00004
	0.00004
	0.00004
	0.00004
	0.00003
	0.00003
	0.00003
	0.00003
	0.00003
	0.00002
	0.00002
	0.00002
	0.00002
	0.00002
	0.00002
	0.00002
	0.00002
	0.00001
	0.00001
	0.00001
	0.00001
	0.00001
	0.00001
	0.00001
	0.00001
	0.00001
	0.00001
	0.00001
	0.00001
	0.00001
	0.00001
	0.00001
	0.00001
	0
	0
]




GRAPH [0 <= x <= 500] (erf#x)



GRAPH [0 <= x <= 250] (erf#x) 

!! erfsum(x) = SIGMA [0 <= i <= x] (erf(i))



calc erfsum(0.5)
1

calc erfsum(20) 
21 


 !! erfsum(x) = SIGMA [0 <= i <= x] (erf#i) 


calc erfsum(20)  
20.71657754594956

calc erfsum(50)  
47.01685202675393


calc erfsum(200)  
88.71723584457445


erfintegerate = [0 <= n <= 300] (erfsum(n))


graph [0<=x<=300](erfintegerate#x) 

SAVE error-function.txt
