READ legendre-script.txt

pn = 

	 - 0.5 + 1.5*x^2




P2 = pn



READ legendre-script.txt

pn = 

	 - 1.5*x + 2.5*x^3


P3=pn

READ legendre-script.txt

pn = 

	0.375 - 3.75*x^2 + 4.375*x^4


P4=pn

READ legendre-script.txt

pn = 

	1.875*x - 8.75*x^3 + 7.875*x^5


P5=pn

READ legendre-script.txt

pn = 

	 - 0.3125 + 6.5625*x^2 - 19.6875*x^4 + 14.4375*x^6


P6=pn



READ legendre-script.txt

pn = 

	 - 2.1875*x + 19.6875*x^3 - 43.3125*x^5 + 26.8125*x^7


P7=pn

READ legendre-script.txt

pn = 

	0.2734375 - 9.84375*x^2 + 54.140625*x^4 - 93.84375*x^6 + 50.2734375*x^8


P8=pn

READ legendre-script.txt

pn = 

	2.4609375*x - 36.09375*x^3 + 140.765625*x^5 - 201.09375*x^7 + 94.9609375*x^9


P9=pn



READ legendre-script.txt

pn = 

	 - 0.24609375 + 13.53515625*x^2 - 117.3046875*x^4 + 351.9140625*x^6 - 427.32421875*x^8 + 180.42578125*x^10


P10=pn



READ legendre-script.txt

pn = 

	 - 2.70703125*x + 58.65234375*x^3 - 351.9140625*x^5 + 854.6484375*x^7 - 902.12890625*x^9 + 344.44921875*x^11


P11=pn



READ legendre-script.txt

pn = 

	0.2255859375 - 17.595703125*x^2 + 219.9462890625*x^4 - 997.08984375*x^6 + 2029.7900390625*x^8 - 1894.470703125*x^10 + 660.1943359375*x^12


P12=pn



READ legendre-script.txt

pn = 

	2.9326171875*x - 87.978515625*x^3 + 747.8173828125*x^5 - 2706.38671875*x^7 + 4736.1767578125*x^9 - 3961.166015625*x^11 + 1269.6044921875*x^13


P13=pn

READ legendre-script.txt

pn = 

	 - 0.20947265625 + 21.99462890625*x^2 - 373.90869140625*x^4 + 2368.08837890625*x^6 - 7104.26513671875*x^8 + 10893.20654296875*x^10 - 8252.42919921875*x^12 + 2448.52294921875*x^14


P14=pn

READ legendre-script.txt

pn = 

	 - 3.14208984375*x + 124.63623046875*x^3 - 1420.85302734375*x^5 + 7104.26513671875*x^7 - 18155.34423828125*x^9 + 24757.28759765625*x^11 - 17139.66064453125*x^13 + 4733.81103515625*x^15


P15=pn

READ legendre-script.txt

pn = 

	0.196380615234375 - 26.707763671875*x^2 + 592.0220947265625*x^4 - 4972.985595703125*x^6 + 20424.762268066406*x^8 - 45388.360595703125*x^10 + 55703.89709472656*x^12 - 35503.582763671875*x^14 + 9171.758880615234*x^16


P16=pn

READ legendre-script.txt

pn = 

	3.338470458984375*x - 169.149169921875*x^3 + 2486.4927978515625*x^5 - 16339.809814453125*x^7 + 56735.450744628906*x^9 - 111407.79418945312*x^11 + 124262.53967285156*x^13 - 73374.07104492188*x^15 + 17804.002532958984*x^17


P17=pn

READ legendre-script.txt

pn = 

	 - 0.1854705810546875 + 31.715469360351562*x^2 - 888.0331420898438*x^4 + 9531.555725097656*x^6 - 51061.905670166016*x^8 + 153185.71701049805*x^10 - 269235.5026245117*x^12 + 275152.76641845703*x^14 - 151334.02153015137*x^16 + 34618.893814086914*x^18


P18=pn

READ legendre-script.txt

pn = 

	 - 3.5239410400390625*x + 222.00828552246094*x^3 - 4084.9524536132812*x^5 + 34041.270446777344*x^7 - 153185.71701049805*x^9 + 403853.2539367676*x^11 - 642023.1216430664*x^13 + 605336.0861206055*x^15 - 311570.0443267822*x^17 + 67415.74058532715*x^19


P19=pn

READ legendre-script.txt

pn = 

	0.17619705200195312 - 37.001380920410156*x^2 + 1276.5476417541504*x^4 - 17020.635223388672*x^6 + 114889.28775787354*x^8 - 444238.57933044434*x^10 + 1043287.5726699829*x^12 - 1513340.2153015137*x^14 + 1324172.6883888245*x^16 - 640449.5355606079*x^18 + 131460.69414138794*x^20


P20=pn



SAVE LegendrePolynomialCoefficients.txt